register  0: 0x0000
register  1: 0xFFEF
register  2: 0x0042
register  3: 0x0000
register  4: 0x0000
register  5: 0x0000
register  6: 0x0000
register  7: 0x0000
register  8: 0x0000
register  9: 0x0000
register 10: 0x0000
register 11: 0x0000
register 12: 0x0000
register 13: 0x0000
register 14: 0x0000
register 15: 0x0000
register PC: 0x0010

0x0000:  0042 9100 8200 9200 B1EF 9100 B242 9200
0x0010:  E000 0000 0000 0000 0000 0000 0000 0000
0x0020:  0000 0000 0000 0000 0000 0000 0000 0000
0x0030:  0000 0000 0000 0000 0000 0000 0000 0000
0x0040:  0000 0000 0000 0000 0000 0000 0000 0000
0x0050:  0000 0000 0000 0000 0000 0000 0000 0000
0x0060:  0000 0000 0000 0000 0000 0000 0000 0000
0x0070:  0000 0000 0000 0000 0000 0000 0000 0000
0x0080:  0000 0000 0000 0000 0000 0000 0000 0000
0x0090:  0000 0000 0000 0000 0000 0000 0000 0000
0x00A0:  0000 0000 0000 0000 0000 0000 0000 0000
0x00B0:  0000 0000 0000 0000 0000 0000 0000 0000
0x00C0:  0000 0000 0000 0000 0000 0000 0000 0000
0x00D0:  0000 0000 0000 0000 0000 0000 0000 0000
0x00E0:  0000 0000 0000 0000 0000 0000 0000 0000
0x00F0:  0000 0000 0000 0000 0000 0000 0000 0000
0x0100:  0000 0000 0000 0000 0000 0000 0000 0000
0x0110:  0000 0000 0000 0000 0000 0000 0000 0000
0x0120:  0000 0000 0000 0000 0000 0000 0000 0000
0x0130:  0000 0000 0000 0000 0000 0000 0000 0000
0x0140:  0000 0000 0000 0000 0000 0000 0000 0000
0x0150:  0000 0000 0000 0000 0000 0000 0000 0000
0x0160:  0000 0000 0000 0000 0000 0000 0000 0000
0x0170:  0000 0000 0000 0000 0000 0000 0000 0000
0x0180:  0000 0000 0000 0000 0000 0000 0000 0000
0x0190:  0000 0000 0000 0000 0000 0000 0000 0000
0x01A0:  0000 0000 0000 0000 0000 0000 0000 0000
0x01B0:  0000 0000 0000 0000 0000 0000 0000 0000
0x01C0:  0000 0000 0000 0000 0000 0000 0000 0000
0x01D0:  0000 0000 0000 0000 0000 0000 0000 0000
0x01E0:  0000 0000 0000 0000 0000 0000 0000 0000
0x01F0:  0000 0000 0000 0000 0000 0000 0000 0000
0x0200:  0000 0000 0000 0000 0000 0000 0000 0000
0x0210:  0000 0000 0000 0000 0000 0000 0000 0000
0x0220:  0000 0000 0000 0000 0000 0000 0000 0000
0x0230:  0000 0000 0000 0000 0000 0000 0000 0000
0x0240:  0000 0000 0000 0000 0000 0000 0000 0000
0x0250:  0000 0000 0000 0000 0000 0000 0000 0000
0x0260:  0000 0000 0000 0000 0000 0000 0000 0000
0x0270:  0000 0000 0000 0000 0000 0000 0000 0000
0x0280:  0000 0000 0000 0000 0000 0000 0000 0000
0x0290:  0000 0000 0000 0000 0000 0000 0000 0000
0x02A0:  0000 0000 0000 0000 0000 0000 0000 0000
0x02B0:  0000 0000 0000 0000 0000 0000 0000 0000
0x02C0:  0000 0000 0000 0000 0000 0000 0000 0000
0x02D0:  0000 0000 0000 0000 0000 0000 0000 0000
0x02E0:  0000 0000 0000 0000 0000 0000 0000 0000
0x02F0:  0000 0000 0000 0000 0000 0000 0000 0000
0x0300:  0000 0000 0000 0000 0000 0000 0000 0000
0x0310:  0000 0000 0000 0000 0000 0000 0000 0000
0x0320:  0000 0000 0000 0000 0000 0000 0000 0000
0x0330:  0000 0000 0000 0000 0000 0000 0000 0000
0x0340:  0000 0000 0000 0000 0000 0000 0000 0000
0x0350:  0000 0000 0000 0000 0000 0000 0000 0000
0x0360:  0000 0000 0000 0000 0000 0000 0000 0000
0x0370:  0000 0000 0000 0000 0000 0000 0000 0000
0x0380:  0000 0000 0000 0000 0000 0000 0000 0000
0x0390:  0000 0000 0000 0000 0000 0000 0000 0000
0x03A0:  0000 0000 0000 0000 0000 0000 0000 0000
0x03B0:  0000 0000 0000 0000 0000 0000 0000 0000
0x03C0:  0000 0000 0000 0000 0000 0000 0000 0000
0x03D0:  0000 0000 0000 0000 0000 0000 0000 0000
0x03E0:  0000 0000 0000 0000 0000 0000 0000 0000
0x03F0:  0000 0000 0000 0000 0000 0000 0000 0000
0x0400:  0000 0000 0000 0000 0000 0000 0000 0000
0x0410:  0000 0000 0000 0000 0000 0000 0000 0000
0x0420:  0000 0000 0000 0000 0000 0000 0000 0000
0x0430:  0000 0000 0000 0000 0000 0000 0000 0000
0x0440:  0000 0000 0000 0000 0000 0000 0000 0000
0x0450:  0000 0000 0000 0000 0000 0000 0000 0000
0x0460:  0000 0000 0000 0000 0000 0000 0000 0000
0x0470:  0000 0000 0000 0000 0000 0000 0000 0000
0x0480:  0000 0000 0000 0000 0000 0000 0000 0000
0x0490:  0000 0000 0000 0000 0000 0000 0000 0000
0x04A0:  0000 0000 0000 0000 0000 0000 0000 0000
0x04B0:  0000 0000 0000 0000 0000 0000 0000 0000
0x04C0:  0000 0000 0000 0000 0000 0000 0000 0000
0x04D0:  0000 0000 0000 0000 0000 0000 0000 0000
0x04E0:  0000 0000 0000 0000 0000 0000 0000 0000
0x04F0:  0000 0000 0000 0000 0000 0000 0000 0000
0x0500:  0000 0000 0000 0000 0000 0000 0000 0000
0x0510:  0000 0000 0000 0000 0000 0000 0000 0000
0x0520:  0000 0000 0000 0000 0000 0000 0000 0000
0x0530:  0000 0000 0000 0000 0000 0000 0000 0000
0x0540:  0000 0000 0000 0000 0000 0000 0000 0000
0x0550:  0000 0000 0000 0000 0000 0000 0000 0000
0x0560:  0000 0000 0000 0000 0000 0000 0000 0000
0x0570:  0000 0000 0000 0000 0000 0000 0000 0000
0x0580:  0000 0000 0000 0000 0000 0000 0000 0000
0x0590:  0000 0000 0000 0000 0000 0000 0000 0000
0x05A0:  0000 0000 0000 0000 0000 0000 0000 0000
0x05B0:  0000 0000 0000 0000 0000 0000 0000 0000
0x05C0:  0000 0000 0000 0000 0000 0000 0000 0000
0x05D0:  0000 0000 0000 0000 0000 0000 0000 0000
0x05E0:  0000 0000 0000 0000 0000 0000 0000 0000
0x05F0:  0000 0000 0000 0000 0000 0000 0000 0000
0x0600:  0000 0000 0000 0000 0000 0000 0000 0000
0x0610:  0000 0000 0000 0000 0000 0000 0000 0000
0x0620:  0000 0000 0000 0000 0000 0000 0000 0000
0x0630:  0000 0000 0000 0000 0000 0000 0000 0000
0x0640:  0000 0000 0000 0000 0000 0000 0000 0000
0x0650:  0000 0000 0000 0000 0000 0000 0000 0000
0x0660:  0000 0000 0000 0000 0000 0000 0000 0000
0x0670:  0000 0000 0000 0000 0000 0000 0000 0000
0x0680:  0000 0000 0000 0000 0000 0000 0000 0000
0x0690:  0000 0000 0000 0000 0000 0000 0000 0000
0x06A0:  0000 0000 0000 0000 0000 0000 0000 0000
0x06B0:  0000 0000 0000 0000 0000 0000 0000 0000
0x06C0:  0000 0000 0000 0000 0000 0000 0000 0000
0x06D0:  0000 0000 0000 0000 0000 0000 0000 0000
0x06E0:  0000 0000 0000 0000 0000 0000 0000 0000
0x06F0:  0000 0000 0000 0000 0000 0000 0000 0000
0x0700:  0000 0000 0000 0000 0000 0000 0000 0000
0x0710:  0000 0000 0000 0000 0000 0000 0000 0000
0x0720:  0000 0000 0000 0000 0000 0000 0000 0000
0x0730:  0000 0000 0000 0000 0000 0000 0000 0000
0x0740:  0000 0000 0000 0000 0000 0000 0000 0000
0x0750:  0000 0000 0000 0000 0000 0000 0000 0000
0x0760:  0000 0000 0000 0000 0000 0000 0000 0000
0x0770:  0000 0000 0000 0000 0000 0000 0000 0000
0x0780:  0000 0000 0000 0000 0000 0000 0000 0000
0x0790:  0000 0000 0000 0000 0000 0000 0000 0000
0x07A0:  0000 0000 0000 0000 0000 0000 0000 0000
0x07B0:  0000 0000 0000 0000 0000 0000 0000 0000
0x07C0:  0000 0000 0000 0000 0000 0000 0000 0000
0x07D0:  0000 0000 0000 0000 0000 0000 0000 0000
0x07E0:  0000 0000 0000 0000 0000 0000 0000 0000
0x07F0:  0000 0000 0000 0000 0000 0000 0000 0000
