register  0: 0x0000
register  1: 0x0800
register  2: 0xFC0F
register  3: 0x0005
register  4: 0x0002
register  5: 0x0800
register  6: 0xFFFF
register  7: 0x0000
register  8: 0x0000
register  9: 0x0000
register 10: 0x0000
register 11: 0x0000
register 12: 0x0000
register 13: 0x0000
register 14: 0x0000
register 15: 0x0000
register PC: 0x001A

0x0000:  B120 B2FF B305 B402 B540 B6FF 5553 9210
0x0010:  0114 0226 A150 D004 CFF6 E000 0000 0000
0x0020:  FFFF FFFE FFFD FFFC FFFB FFFA FFF9 FFF8
0x0030:  FFF7 FFF6 FFF5 FFF4 FFF3 FFF2 FFF1 FFF0
0x0040:  FFEF FFEE FFED FFEC FFEB FFEA FFE9 FFE8
0x0050:  FFE7 FFE6 FFE5 FFE4 FFE3 FFE2 FFE1 FFE0
0x0060:  FFDF FFDE FFDD FFDC FFDB FFDA FFD9 FFD8
0x0070:  FFD7 FFD6 FFD5 FFD4 FFD3 FFD2 FFD1 FFD0
0x0080:  FFCF FFCE FFCD FFCC FFCB FFCA FFC9 FFC8
0x0090:  FFC7 FFC6 FFC5 FFC4 FFC3 FFC2 FFC1 FFC0
0x00A0:  FFBF FFBE FFBD FFBC FFBB FFBA FFB9 FFB8
0x00B0:  FFB7 FFB6 FFB5 FFB4 FFB3 FFB2 FFB1 FFB0
0x00C0:  FFAF FFAE FFAD FFAC FFAB FFAA FFA9 FFA8
0x00D0:  FFA7 FFA6 FFA5 FFA4 FFA3 FFA2 FFA1 FFA0
0x00E0:  FF9F FF9E FF9D FF9C FF9B FF9A FF99 FF98
0x00F0:  FF97 FF96 FF95 FF94 FF93 FF92 FF91 FF90
0x0100:  FF8F FF8E FF8D FF8C FF8B FF8A FF89 FF88
0x0110:  FF87 FF86 FF85 FF84 FF83 FF82 FF81 FF80
0x0120:  FF7F FF7E FF7D FF7C FF7B FF7A FF79 FF78
0x0130:  FF77 FF76 FF75 FF74 FF73 FF72 FF71 FF70
0x0140:  FF6F FF6E FF6D FF6C FF6B FF6A FF69 FF68
0x0150:  FF67 FF66 FF65 FF64 FF63 FF62 FF61 FF60
0x0160:  FF5F FF5E FF5D FF5C FF5B FF5A FF59 FF58
0x0170:  FF57 FF56 FF55 FF54 FF53 FF52 FF51 FF50
0x0180:  FF4F FF4E FF4D FF4C FF4B FF4A FF49 FF48
0x0190:  FF47 FF46 FF45 FF44 FF43 FF42 FF41 FF40
0x01A0:  FF3F FF3E FF3D FF3C FF3B FF3A FF39 FF38
0x01B0:  FF37 FF36 FF35 FF34 FF33 FF32 FF31 FF30
0x01C0:  FF2F FF2E FF2D FF2C FF2B FF2A FF29 FF28
0x01D0:  FF27 FF26 FF25 FF24 FF23 FF22 FF21 FF20
0x01E0:  FF1F FF1E FF1D FF1C FF1B FF1A FF19 FF18
0x01F0:  FF17 FF16 FF15 FF14 FF13 FF12 FF11 FF10
0x0200:  FF0F FF0E FF0D FF0C FF0B FF0A FF09 FF08
0x0210:  FF07 FF06 FF05 FF04 FF03 FF02 FF01 FF00
0x0220:  FEFF FEFE FEFD FEFC FEFB FEFA FEF9 FEF8
0x0230:  FEF7 FEF6 FEF5 FEF4 FEF3 FEF2 FEF1 FEF0
0x0240:  FEEF FEEE FEED FEEC FEEB FEEA FEE9 FEE8
0x0250:  FEE7 FEE6 FEE5 FEE4 FEE3 FEE2 FEE1 FEE0
0x0260:  FEDF FEDE FEDD FEDC FEDB FEDA FED9 FED8
0x0270:  FED7 FED6 FED5 FED4 FED3 FED2 FED1 FED0
0x0280:  FECF FECE FECD FECC FECB FECA FEC9 FEC8
0x0290:  FEC7 FEC6 FEC5 FEC4 FEC3 FEC2 FEC1 FEC0
0x02A0:  FEBF FEBE FEBD FEBC FEBB FEBA FEB9 FEB8
0x02B0:  FEB7 FEB6 FEB5 FEB4 FEB3 FEB2 FEB1 FEB0
0x02C0:  FEAF FEAE FEAD FEAC FEAB FEAA FEA9 FEA8
0x02D0:  FEA7 FEA6 FEA5 FEA4 FEA3 FEA2 FEA1 FEA0
0x02E0:  FE9F FE9E FE9D FE9C FE9B FE9A FE99 FE98
0x02F0:  FE97 FE96 FE95 FE94 FE93 FE92 FE91 FE90
0x0300:  FE8F FE8E FE8D FE8C FE8B FE8A FE89 FE88
0x0310:  FE87 FE86 FE85 FE84 FE83 FE82 FE81 FE80
0x0320:  FE7F FE7E FE7D FE7C FE7B FE7A FE79 FE78
0x0330:  FE77 FE76 FE75 FE74 FE73 FE72 FE71 FE70
0x0340:  FE6F FE6E FE6D FE6C FE6B FE6A FE69 FE68
0x0350:  FE67 FE66 FE65 FE64 FE63 FE62 FE61 FE60
0x0360:  FE5F FE5E FE5D FE5C FE5B FE5A FE59 FE58
0x0370:  FE57 FE56 FE55 FE54 FE53 FE52 FE51 FE50
0x0380:  FE4F FE4E FE4D FE4C FE4B FE4A FE49 FE48
0x0390:  FE47 FE46 FE45 FE44 FE43 FE42 FE41 FE40
0x03A0:  FE3F FE3E FE3D FE3C FE3B FE3A FE39 FE38
0x03B0:  FE37 FE36 FE35 FE34 FE33 FE32 FE31 FE30
0x03C0:  FE2F FE2E FE2D FE2C FE2B FE2A FE29 FE28
0x03D0:  FE27 FE26 FE25 FE24 FE23 FE22 FE21 FE20
0x03E0:  FE1F FE1E FE1D FE1C FE1B FE1A FE19 FE18
0x03F0:  FE17 FE16 FE15 FE14 FE13 FE12 FE11 FE10
0x0400:  FE0F FE0E FE0D FE0C FE0B FE0A FE09 FE08
0x0410:  FE07 FE06 FE05 FE04 FE03 FE02 FE01 FE00
0x0420:  FDFF FDFE FDFD FDFC FDFB FDFA FDF9 FDF8
0x0430:  FDF7 FDF6 FDF5 FDF4 FDF3 FDF2 FDF1 FDF0
0x0440:  FDEF FDEE FDED FDEC FDEB FDEA FDE9 FDE8
0x0450:  FDE7 FDE6 FDE5 FDE4 FDE3 FDE2 FDE1 FDE0
0x0460:  FDDF FDDE FDDD FDDC FDDB FDDA FDD9 FDD8
0x0470:  FDD7 FDD6 FDD5 FDD4 FDD3 FDD2 FDD1 FDD0
0x0480:  FDCF FDCE FDCD FDCC FDCB FDCA FDC9 FDC8
0x0490:  FDC7 FDC6 FDC5 FDC4 FDC3 FDC2 FDC1 FDC0
0x04A0:  FDBF FDBE FDBD FDBC FDBB FDBA FDB9 FDB8
0x04B0:  FDB7 FDB6 FDB5 FDB4 FDB3 FDB2 FDB1 FDB0
0x04C0:  FDAF FDAE FDAD FDAC FDAB FDAA FDA9 FDA8
0x04D0:  FDA7 FDA6 FDA5 FDA4 FDA3 FDA2 FDA1 FDA0
0x04E0:  FD9F FD9E FD9D FD9C FD9B FD9A FD99 FD98
0x04F0:  FD97 FD96 FD95 FD94 FD93 FD92 FD91 FD90
0x0500:  FD8F FD8E FD8D FD8C FD8B FD8A FD89 FD88
0x0510:  FD87 FD86 FD85 FD84 FD83 FD82 FD81 FD80
0x0520:  FD7F FD7E FD7D FD7C FD7B FD7A FD79 FD78
0x0530:  FD77 FD76 FD75 FD74 FD73 FD72 FD71 FD70
0x0540:  FD6F FD6E FD6D FD6C FD6B FD6A FD69 FD68
0x0550:  FD67 FD66 FD65 FD64 FD63 FD62 FD61 FD60
0x0560:  FD5F FD5E FD5D FD5C FD5B FD5A FD59 FD58
0x0570:  FD57 FD56 FD55 FD54 FD53 FD52 FD51 FD50
0x0580:  FD4F FD4E FD4D FD4C FD4B FD4A FD49 FD48
0x0590:  FD47 FD46 FD45 FD44 FD43 FD42 FD41 FD40
0x05A0:  FD3F FD3E FD3D FD3C FD3B FD3A FD39 FD38
0x05B0:  FD37 FD36 FD35 FD34 FD33 FD32 FD31 FD30
0x05C0:  FD2F FD2E FD2D FD2C FD2B FD2A FD29 FD28
0x05D0:  FD27 FD26 FD25 FD24 FD23 FD22 FD21 FD20
0x05E0:  FD1F FD1E FD1D FD1C FD1B FD1A FD19 FD18
0x05F0:  FD17 FD16 FD15 FD14 FD13 FD12 FD11 FD10
0x0600:  FD0F FD0E FD0D FD0C FD0B FD0A FD09 FD08
0x0610:  FD07 FD06 FD05 FD04 FD03 FD02 FD01 FD00
0x0620:  FCFF FCFE FCFD FCFC FCFB FCFA FCF9 FCF8
0x0630:  FCF7 FCF6 FCF5 FCF4 FCF3 FCF2 FCF1 FCF0
0x0640:  FCEF FCEE FCED FCEC FCEB FCEA FCE9 FCE8
0x0650:  FCE7 FCE6 FCE5 FCE4 FCE3 FCE2 FCE1 FCE0
0x0660:  FCDF FCDE FCDD FCDC FCDB FCDA FCD9 FCD8
0x0670:  FCD7 FCD6 FCD5 FCD4 FCD3 FCD2 FCD1 FCD0
0x0680:  FCCF FCCE FCCD FCCC FCCB FCCA FCC9 FCC8
0x0690:  FCC7 FCC6 FCC5 FCC4 FCC3 FCC2 FCC1 FCC0
0x06A0:  FCBF FCBE FCBD FCBC FCBB FCBA FCB9 FCB8
0x06B0:  FCB7 FCB6 FCB5 FCB4 FCB3 FCB2 FCB1 FCB0
0x06C0:  FCAF FCAE FCAD FCAC FCAB FCAA FCA9 FCA8
0x06D0:  FCA7 FCA6 FCA5 FCA4 FCA3 FCA2 FCA1 FCA0
0x06E0:  FC9F FC9E FC9D FC9C FC9B FC9A FC99 FC98
0x06F0:  FC97 FC96 FC95 FC94 FC93 FC92 FC91 FC90
0x0700:  FC8F FC8E FC8D FC8C FC8B FC8A FC89 FC88
0x0710:  FC87 FC86 FC85 FC84 FC83 FC82 FC81 FC80
0x0720:  FC7F FC7E FC7D FC7C FC7B FC7A FC79 FC78
0x0730:  FC77 FC76 FC75 FC74 FC73 FC72 FC71 FC70
0x0740:  FC6F FC6E FC6D FC6C FC6B FC6A FC69 FC68
0x0750:  FC67 FC66 FC65 FC64 FC63 FC62 FC61 FC60
0x0760:  FC5F FC5E FC5D FC5C FC5B FC5A FC59 FC58
0x0770:  FC57 FC56 FC55 FC54 FC53 FC52 FC51 FC50
0x0780:  FC4F FC4E FC4D FC4C FC4B FC4A FC49 FC48
0x0790:  FC47 FC46 FC45 FC44 FC43 FC42 FC41 FC40
0x07A0:  FC3F FC3E FC3D FC3C FC3B FC3A FC39 FC38
0x07B0:  FC37 FC36 FC35 FC34 FC33 FC32 FC31 FC30
0x07C0:  FC2F FC2E FC2D FC2C FC2B FC2A FC29 FC28
0x07D0:  FC27 FC26 FC25 FC24 FC23 FC22 FC21 FC20
0x07E0:  FC1F FC1E FC1D FC1C FC1B FC1A FC19 FC18
0x07F0:  FC17 FC16 FC15 FC14 FC13 FC12 FC11 FC10
